<?xml version="1.0" encoding="UTF-8"?>
<!-- Generated by org.testng.reporters.JUnitXMLReporter -->
<testsuite ignored="0" hostname="DESKTOP-SGE7I0F" failures="0" tests="2" name="Login test chorme" time="24.91" errors="0" timestamp="2023-07-17T23:26:06 ICT">
  <testcase classname="SeleniumTestNGPOM.testcases.LoginTest" name="loginPageSuccess1" time="18.664"/>
  <testcase classname="SeleniumTestNGPOM.testcases.LoginTest" name="loginPageSuccess" time="18.664"/>
</testsuite> <!-- Login test chorme -->
